c:\bit\code\bit55\55\datastruct\datastruct\debug\vc120.pdb
c:\bit\code\bit55\55\datastruct\datastruct\debug\vc120.idb
c:\bit\code\bit55\55\datastruct\datastruct\debug\testmain.obj
c:\bit\code\bit55\55\datastruct\debug\datastruct.pdb
c:\bit\code\bit55\55\datastruct\datastruct\debug\datastruct.tlog\cl.command.1.tlog
c:\bit\code\bit55\55\datastruct\datastruct\debug\datastruct.tlog\cl.read.1.tlog
c:\bit\code\bit55\55\datastruct\datastruct\debug\datastruct.tlog\cl.write.1.tlog
c:\bit\code\bit55\55\datastruct\datastruct\debug\datastruct.tlog\link-cvtres.read.1.tlog
c:\bit\code\bit55\55\datastruct\datastruct\debug\datastruct.tlog\link-cvtres.write.1.tlog
c:\bit\code\bit55\55\datastruct\datastruct\debug\datastruct.tlog\link-rc.read.1.tlog
c:\bit\code\bit55\55\datastruct\datastruct\debug\datastruct.tlog\link-rc.write.1.tlog
c:\bit\code\bit55\55\datastruct\datastruct\debug\datastruct.tlog\link.15712-cvtres.read.1.tlog
c:\bit\code\bit55\55\datastruct\datastruct\debug\datastruct.tlog\link.15712-cvtres.write.1.tlog
c:\bit\code\bit55\55\datastruct\datastruct\debug\datastruct.tlog\link.15712-rc.read.1.tlog
c:\bit\code\bit55\55\datastruct\datastruct\debug\datastruct.tlog\link.15712-rc.write.1.tlog
c:\bit\code\bit55\55\datastruct\datastruct\debug\datastruct.tlog\link.15712.read.1.tlog
c:\bit\code\bit55\55\datastruct\datastruct\debug\datastruct.tlog\link.15712.write.1.tlog
c:\bit\code\bit55\55\datastruct\datastruct\debug\datastruct.tlog\link.command.1.tlog
c:\bit\code\bit55\55\datastruct\datastruct\debug\datastruct.tlog\link.read.1.tlog
c:\bit\code\bit55\55\datastruct\datastruct\debug\datastruct.tlog\link.write.1.tlog
