生成启动时间为 2019/9/9 18:53:16。
     1>项目“C:\Bit\Code\55\DataStruct\DataStruct\DataStruct.vcxproj”在节点 2 上(Build 个目标)。
     1>ClCompile:
         C:\Program Files (x86)\Microsoft Visual Studio 12.0\VC\bin\CL.exe /c /Zi /nologo /W3 /WX- /O2 /Oi /Oy- /GL /D WIN32 /D NDEBUG /D _CONSOLE /D _LIB /D _UNICODE /D UNICODE /Gm- /EHsc /MD /GS /Gy /fp:precise /Zc:wchar_t /Zc:forScope /Fo"Release\\" /Fd"Release\vc120.pdb" /Gd /TC /analyze- /errorReport:prompt TestMain.c
         TestMain.c
     1>c:\bit\code\55\datastruct\datastruct\seqlist.h(102): warning C4018: “<”: 有符号/无符号不匹配
     1>c:\bit\code\55\datastruct\datastruct\seqlist.h(126): warning C4018: “<”: 有符号/无符号不匹配
     1>c:\bit\code\55\datastruct\datastruct\seqlist.h(146): warning C4018: “>=”: 有符号/无符号不匹配
     1>c:\bit\code\55\datastruct\datastruct\seqlist.h(156): warning C4018: “<”: 有符号/无符号不匹配
     1>c:\bit\code\55\datastruct\datastruct\seqlist.h(166): warning C4018: “>=”: 有符号/无符号不匹配
     1>c:\bit\code\55\datastruct\datastruct\seqlist.h(168): warning C4018: “<”: 有符号/无符号不匹配
     1>c:\bit\code\55\datastruct\datastruct\seqlist.h(184): warning C4018: “>”: 有符号/无符号不匹配
     1>c:\bit\code\55\datastruct\datastruct\seqlist.h(215): warning C4018: “<”: 有符号/无符号不匹配
     1>c:\bit\code\55\datastruct\datastruct\seqlist.h(219): warning C4018: “<”: 有符号/无符号不匹配
     1>c:\bit\code\55\datastruct\datastruct\seqlist.h(228): warning C4018: “<”: 有符号/无符号不匹配
     1>c:\bit\code\55\datastruct\datastruct\seqlist.h(230): warning C4018: “<”: 有符号/无符号不匹配
       Link:
         C:\Program Files (x86)\Microsoft Visual Studio 12.0\VC\bin\link.exe /ERRORREPORT:PROMPT /OUT:"C:\Bit\Code\55\DataStruct\Release\DataStruct.exe" /INCREMENTAL:NO /NOLOGO kernel32.lib user32.lib gdi32.lib winspool.lib comdlg32.lib advapi32.lib shell32.lib ole32.lib oleaut32.lib uuid.lib odbc32.lib odbccp32.lib /MANIFEST /MANIFESTUAC:"level='asInvoker' uiAccess='false'" /manifest:embed /DEBUG /PDB:"C:\Bit\Code\55\DataStruct\Release\DataStruct.pdb" /SUBSYSTEM:CONSOLE /OPT:REF /OPT:ICF /LTCG /TLBID:1 /DYNAMICBASE /NXCOMPAT /IMPLIB:"C:\Bit\Code\55\DataStruct\Release\DataStruct.lib" /MACHINE:X86 /SAFESEH Release\TestMain.obj
         正在生成代码
         已完成代码的生成
         DataStruct.vcxproj -> C:\Bit\Code\55\DataStruct\Release\DataStruct.exe
     1>已完成生成项目“C:\Bit\Code\55\DataStruct\DataStruct\DataStruct.vcxproj”(Build 个目标)的操作。

生成成功。

已用时间 00:00:01.53
